<?xml version="1.0" encoding="UTF-8"?>
<testsuite xmlns:xsi="http://www.w3.org/2001/XMLSchema-instance" xsi:noNamespaceSchemaLocation="https://maven.apache.org/surefire/maven-surefire-plugin/xsd/surefire-test-report-3.0.xsd" version="3.0" name="TestSuite" time="26.479" tests="4" errors="0" skipped="0" failures="0">
  <properties>
[...]
</properties>
  <testcase name="runScenario[&quot;Login and checkout&quot;, &quot;SauceDemo Flow&quot;](1)" classname="runner.TestRunner" time="9.123">
    <system-out><![CDATA[✅ Feature file generated successfully

Scenario Outline: Login and checkout                         &amp#27;[90m# src/test/resources/features/saucedemo.feature:13&amp#27;[0m
⚠️ Grid unavailable, falling back to local ChromeDriver
ℹ️ No popup — skipping
✅ Login success for: standard_user
  &amp#27;[32mGiven &amp#27;[0m&amp#27;[32muser logs in with &amp#27;[0m&amp#27;[32m&amp#27;[1m"standard_user"&amp#27;[0m&amp#27;[32m and &amp#27;[0m&amp#27;[32m&amp#27;[1m"secret_sauce"&amp#27;[0m &amp#27;[90m# stepdefinitions.SauceSteps.login(java.lang.String,java.lang.String)&amp#27;[0m
  &amp#27;[32mWhen &amp#27;[0m&amp#27;[32muser applies low to high price filter&amp#27;[0m                 &amp#27;[90m# stepdefinitions.SauceSteps.filter()&amp#27;[0m
  &amp#27;[32mAnd &amp#27;[0m&amp#27;[32muser adds first product to cart&amp#27;[0m                        &amp#27;[90m# stepdefinitions.SauceSteps.add()&amp#27;[0m
  &amp#27;[32mAnd &amp#27;[0m&amp#27;[32muser navigates to cart&amp#27;[0m                                 &amp#27;[90m# stepdefinitions.SauceSteps.cart()&amp#27;[0m
  &amp#27;[32mAnd &amp#27;[0m&amp#27;[32muser proceeds to checkout&amp#27;[0m                              &amp#27;[90m# stepdefinitions.SauceSteps.checkout()&amp#27;[0m
🎉 Checkout successful
  &amp#27;[32mThen &amp#27;[0m&amp#27;[32muser should reach checkout page&amp#27;[0m                       &amp#27;[90m# stepdefinitions.SauceSteps.validate()&amp#27;[0m
]]></system-out>
    <system-err><![CDATA[SLF4J: Failed to load class "org.slf4j.impl.StaticLoggerBinder".
SLF4J: Defaulting to no-operation (NOP) logger implementation
SLF4J: See http://www.slf4j.org/codes.html#StaticLoggerBinder for further details.
ERROR StatusLogger Log4j2 could not find a logging implementation. Please add log4j-core to the classpath. Using SimpleLogger to log to the console...
Apr 24, 2026 12:15:30 PM org.openqa.selenium.remote.tracing.opentelemetry.OpenTelemetryTracer createTracer
INFO: Using OpenTelemetry for tracing
Apr 24, 2026 12:15:31 PM org.openqa.selenium.devtools.CdpVersionFinder findNearestMatch
WARNING: Unable to find CDP implementation matching 147
Apr 24, 2026 12:15:31 PM org.openqa.selenium.chromium.ChromiumDriver lambda$new$5
WARNING: Unable to find version of CDP to use for 147.0.7727.103. You may need to include a dependency on a specific version of the CDP using something similar to `org.seleniumhq.selenium:selenium-devtools-v86:4.18.1` where the version ("v86") matches the version of the chromium-based browser you're using and the version number of the artifact is the same as Selenium's.
]]></system-err>
  </testcase>
  <testcase name="runScenario[&quot;Login should fail&quot;, &quot;SauceDemo Flow&quot;](2)" classname="runner.TestRunner" time="7.469">
    <system-out><![CDATA[
Scenario Outline: Login should fail                            &amp#27;[90m# src/test/resources/features/saucedemo.feature:21&amp#27;[0m
⚠️ Grid unavailable, falling back to local ChromeDriver
ℹ️ No popup — skipping
❌ Login failed for: locked_out_user
  &amp#27;[32mGiven &amp#27;[0m&amp#27;[32muser logs in with &amp#27;[0m&amp#27;[32m&amp#27;[1m"locked_out_user"&amp#27;[0m&amp#27;[32m and &amp#27;[0m&amp#27;[32m&amp#27;[1m"secret_sauce"&amp#27;[0m &amp#27;[90m# stepdefinitions.SauceSteps.login(java.lang.String,java.lang.String)&amp#27;[0m
✅ Login correctly failed with: Epic sadface: Sorry, this user has been locked out.
  &amp#27;[32mThen &amp#27;[0m&amp#27;[32muser should see login error&amp#27;[0m                             &amp#27;[90m# stepdefinitions.SauceSteps.validateLoginError()&amp#27;[0m
]]></system-out>
    <system-err><![CDATA[Apr 24, 2026 12:15:40 PM org.openqa.selenium.devtools.CdpVersionFinder findNearestMatch
WARNING: Unable to find CDP implementation matching 147
Apr 24, 2026 12:15:40 PM org.openqa.selenium.chromium.ChromiumDriver lambda$new$5
WARNING: Unable to find version of CDP to use for 147.0.7727.103. You may need to include a dependency on a specific version of the CDP using something similar to `org.seleniumhq.selenium:selenium-devtools-v86:4.18.1` where the version ("v86") matches the version of the chromium-based browser you're using and the version number of the artifact is the same as Selenium's.
]]></system-err>
  </testcase>
  <testcase name="runScenario[&quot;Login should fail&quot;, &quot;SauceDemo Flow&quot;](3)" classname="runner.TestRunner" time="6.143">
    <system-out><![CDATA[
Scenario Outline: Login should fail &amp#27;[90m# src/test/resources/features/saucedemo.feature:22&amp#27;[0m
⚠️ Grid unavailable, falling back to local ChromeDriver
ℹ️ No popup — skipping
❌ Login failed for: 
  &amp#27;[32mGiven &amp#27;[0m&amp#27;[32muser logs in with &amp#27;[0m&amp#27;[32m&amp#27;[1m""&amp#27;[0m&amp#27;[32m and &amp#27;[0m&amp#27;[32m&amp#27;[1m""&amp#27;[0m &amp#27;[90m# stepdefinitions.SauceSteps.login(java.lang.String,java.lang.String)&amp#27;[0m
✅ Login correctly failed with: Epic sadface: Username is required
  &amp#27;[32mThen &amp#27;[0m&amp#27;[32muser should see login error&amp#27;[0m  &amp#27;[90m# stepdefinitions.SauceSteps.validateLoginError()&amp#27;[0m
]]></system-out>
    <system-err><![CDATA[Apr 24, 2026 12:15:47 PM org.openqa.selenium.devtools.CdpVersionFinder findNearestMatch
WARNING: Unable to find CDP implementation matching 147
Apr 24, 2026 12:15:47 PM org.openqa.selenium.chromium.ChromiumDriver lambda$new$5
WARNING: Unable to find version of CDP to use for 147.0.7727.103. You may need to include a dependency on a specific version of the CDP using something similar to `org.seleniumhq.selenium:selenium-devtools-v86:4.18.1` where the version ("v86") matches the version of the chromium-based browser you're using and the version number of the artifact is the same as Selenium's.
]]></system-err>
  </testcase>
  <testcase name="getUsersTest" classname="api.APITest" time="2.27"/>
</testsuite>