<?xml version="1.0" encoding="UTF-8"?>
<!-- Generated by org.testng.reporters.JUnitXMLReporter -->
<testsuite ignored="0" hostname="LAPTOP-3G1IFM13" failures="0" tests="4" name="Cucumber Tests" time="26.825" errors="0" timestamp="2026-04-24T12:02:40 IST">
  <testcase classname="io.cucumber.testng.AbstractTestNGCucumberTests" name="runScenario" time="8.883"/>
  <testcase classname="io.cucumber.testng.AbstractTestNGCucumberTests" name="runScenario" time="7.175"/>
  <testcase classname="io.cucumber.testng.AbstractTestNGCucumberTests" name="runScenario" time="7.649"/>
  <testcase classname="api.APITest" name="getUsersTest" time="2.396"/>
</testsuite> <!-- Cucumber Tests -->
