<?xml version="1.0" encoding="UTF-8"?>
<!-- Generated by org.testng.reporters.JUnitReportReporter -->
<testsuite hostname="LAPTOP-3G1IFM13" failures="0" tests="3" name="runner.TestRunner" time="22.758" errors="0" timestamp="2026-04-24T12:15:55 IST" skipped="0">
  <testcase classname="runner.TestRunner" name="runScenario" time="9.123"/>
  <testcase classname="runner.TestRunner" name="runScenario" time="7.490"/>
  <testcase classname="runner.TestRunner" name="runScenario" time="6.145"/>
</testsuite> <!-- runner.TestRunner -->
