<?xml version="1.0" encoding="UTF-8"?>
<!-- Generated by org.testng.reporters.JUnitReportReporter -->
<testsuite hostname="LAPTOP-3G1IFM13" failures="0" tests="3" name="runner.TestRunner" time="21.964" errors="0" timestamp="2026-04-24T12:28:00 IST" skipped="0">
  <testcase classname="runner.TestRunner" name="runScenario" time="8.902"/>
  <testcase classname="runner.TestRunner" name="runScenario" time="6.048"/>
  <testcase classname="runner.TestRunner" name="runScenario" time="7.014"/>
</testsuite> <!-- runner.TestRunner -->
